# JRE version: Java(TM) SE Runtime Environment (8.0_202-b08) (build 1.8.0_202-b08)
# Java VM: Java HotSpot(TM) 64-Bit Server VM (25.202-b08 mixed mode windows-amd64 compressed oops)
Heap:
 PSYoungGen      total 1293312K, used 776638K [0x000000076c180000, 0x00000007c0000000, 0x00000007c0000000)
  eden space 1209344K, 61% used [0x000000076c180000,0x00000007993857e8,0x00000007b5e80000)
  from space 83968K, 44% used [0x00000007bae00000,0x00000007bd26a2a8,0x00000007c0000000)
  to   space 81408K, 0% used [0x00000007b5e80000,0x00000007b5e80000,0x00000007bae00000)
 ParOldGen       total 169984K, used 137152K [0x00000006c4400000, 0x00000006cea00000, 0x000000076c180000)
  object space 169984K, 80% used [0x00000006c4400000,0x00000006cc9f0150,0x00000006cea00000)
 Metaspace       used 117248K, capacity 123446K, committed 123776K, reserved 1159168K
  class space    used 13768K, capacity 14849K, committed 14976K, reserved 1048576K
GC Heap History (10 events):
Event: 4051.377 GC heap before
{Heap before GC invocations=28 (full 5):
 PSYoungGen      total 1064960K, used 1013248K [0x000000076c180000, 0x00000007b1000000, 0x00000007c0000000)
  eden space 1013248K, 100% used [0x000000076c180000,0x00000007a9f00000,0x00000007a9f00000)
  from space 51712K, 0% used [0x00000007ad580000,0x00000007ad580000,0x00000007b0800000)
  to   space 55808K, 0% used [0x00000007a9f00000,0x00000007a9f00000,0x00000007ad580000)
 ParOldGen       total 169984K, used 106638K [0x00000006c4400000, 0x00000006cea00000, 0x000000076c180000)
  object space 169984K, 62% used [0x00000006c4400000,0x00000006cac23b00,0x00000006cea00000)
 Metaspace       used 105666K, capacity 111578K, committed 112128K, reserved 1146880K
  class space    used 12969K, capacity 13998K, committed 14080K, reserved 1048576K
Event: 4051.432 GC heap after
Heap after GC invocations=28 (full 5):
 PSYoungGen      total 1069056K, used 32770K [0x000000076c180000, 0x00000007ba980000, 0x00000007c0000000)
  eden space 1013248K, 0% used [0x000000076c180000,0x000000076c180000,0x00000007a9f00000)
  from space 55808K, 58% used [0x00000007a9f00000,0x00000007abf009e8,0x00000007ad580000)
  to   space 57344K, 0% used [0x00000007b7180000,0x00000007b7180000,0x00000007ba980000)
 ParOldGen       total 169984K, used 106646K [0x00000006c4400000, 0x00000006cea00000, 0x000000076c180000)
  object space 169984K, 62% used [0x00000006c4400000,0x00000006cac25b00,0x00000006cea00000)
 Metaspace       used 105666K, capacity 111578K, committed 112128K, reserved 1146880K
  class space    used 12969K, capacity 13998K, committed 14080K, reserved 1048576K
}
Event: 4062.161 GC heap before
{Heap before GC invocations=29 (full 5):
 PSYoungGen      total 1069056K, used 1046018K [0x000000076c180000, 0x00000007ba980000, 0x00000007c0000000)
  eden space 1013248K, 100% used [0x000000076c180000,0x00000007a9f00000,0x00000007a9f00000)
  from space 55808K, 58% used [0x00000007a9f00000,0x00000007abf009e8,0x00000007ad580000)
  to   space 57344K, 0% used [0x00000007b7180000,0x00000007b7180000,0x00000007ba980000)
 ParOldGen       total 169984K, used 106646K [0x00000006c4400000, 0x00000006cea00000, 0x000000076c180000)
  object space 169984K, 62% used [0x00000006c4400000,0x00000006cac25b00,0x00000006cea00000)
 Metaspace       used 108769K, capacity 114700K, committed 115200K, reserved 1150976K
  class space    used 13172K, capacity 14209K, committed 14336K, reserved 1048576K
Event: 4062.348 GC heap after
Heap after GC invocations=29 (full 5):
 PSYoungGen      total 1207296K, used 57329K [0x000000076c180000, 0x00000007c0000000, 0x00000007c0000000)
  eden space 1149952K, 0% used [0x000000076c180000,0x000000076c180000,0x00000007b2480000)
  from space 57344K, 99% used [0x00000007b7180000,0x00000007ba97c500,0x00000007ba980000)
  to   space 78848K, 0% used [0x00000007b2480000,0x00000007b2480000,0x00000007b7180000)
 ParOldGen       total 169984K, used 136768K [0x00000006c4400000, 0x00000006cea00000, 0x000000076c180000)
  object space 169984K, 80% used [0x00000006c4400000,0x00000006cc9903b0,0x00000006cea00000)
 Metaspace       used 108769K, capacity 114700K, committed 115200K, reserved 1150976K
  class space    used 13172K, capacity 14209K, committed 14336K, reserved 1048576K
}
Event: 4133.428 GC heap before
{Heap before GC invocations=30 (full 5):
 PSYoungGen      total 1207296K, used 352297K [0x000000076c180000, 0x00000007c0000000, 0x00000007c0000000)
  eden space 1149952K, 25% used [0x000000076c180000,0x000000077e18e218,0x00000007b2480000)
  from space 57344K, 99% used [0x00000007b7180000,0x00000007ba97c500,0x00000007ba980000)
  to   space 78848K, 0% used [0x00000007b2480000,0x00000007b2480000,0x00000007b7180000)
 ParOldGen       total 169984K, used 136768K [0x00000006c4400000, 0x00000006cea00000, 0x000000076c180000)
  object space 169984K, 80% used [0x00000006c4400000,0x00000006cc9903b0,0x00000006cea00000)
 Metaspace       used 108984K, capacity 114942K, committed 115200K, reserved 1150976K
  class space    used 13185K, capacity 14217K, committed 14336K, reserved 1048576K
Event: 4133.457 GC heap after
Heap after GC invocations=30 (full 5):
 PSYoungGen      total 1228800K, used 54189K [0x000000076c180000, 0x00000007c0000000, 0x00000007c0000000)
  eden space 1149952K, 0% used [0x000000076c180000,0x000000076c180000,0x00000007b2480000)
  from space 78848K, 68% used [0x00000007b2480000,0x00000007b596b578,0x00000007b7180000)
  to   space 83968K, 0% used [0x00000007bae00000,0x00000007bae00000,0x00000007c0000000)
 ParOldGen       total 169984K, used 136776K [0x00000006c4400000, 0x00000006cea00000, 0x000000076c180000)
  object space 169984K, 80% used [0x00000006c4400000,0x00000006cc9923b0,0x00000006cea00000)
 Metaspace       used 108984K, capacity 114942K, committed 115200K, reserved 1150976K
  class space    used 13185K, capacity 14217K, committed 14336K, reserved 1048576K
}
Event: 4133.457 GC heap before
{Heap before GC invocations=31 (full 6):
 PSYoungGen      total 1228800K, used 54189K [0x000000076c180000, 0x00000007c0000000, 0x00000007c0000000)
  eden space 1149952K, 0% used [0x000000076c180000,0x000000076c180000,0x00000007b2480000)
  from space 78848K, 68% used [0x00000007b2480000,0x00000007b596b578,0x00000007b7180000)
  to   space 83968K, 0% used [0x00000007bae00000,0x00000007bae00000,0x00000007c0000000)
 ParOldGen       total 169984K, used 136776K [0x00000006c4400000, 0x00000006cea00000, 0x000000076c180000)
  object space 169984K, 80% used [0x00000006c4400000,0x00000006cc9923b0,0x00000006cea00000)
 Metaspace       used 108984K, capacity 114942K, committed 115200K, reserved 1150976K
  class space    used 13185K, capacity 14217K, committed 14336K, reserved 1048576K
Event: 4134.077 GC heap after
Heap after GC invocations=31 (full 6):
 PSYoungGen      total 1228800K, used 0K [0x000000076c180000, 0x00000007c0000000, 0x00000007c0000000)
  eden space 1149952K, 0% used [0x000000076c180000,0x000000076c180000,0x00000007b2480000)
  from space 78848K, 0% used [0x00000007b2480000,0x00000007b2480000,0x00000007b7180000)
  to   space 83968K, 0% used [0x00000007bae00000,0x00000007bae00000,0x00000007c0000000)
 ParOldGen       total 169984K, used 137144K [0x00000006c4400000, 0x00000006cea00000, 0x000000076c180000)
  object space 169984K, 80% used [0x00000006c4400000,0x00000006cc9ee150,0x00000006cea00000)
 Metaspace       used 108962K, capacity 114906K, committed 115200K, reserved 1150976K
  class space    used 13181K, capacity 14211K, committed 14336K, reserved 1048576K
}
Event: 4167.950 GC heap before
{Heap before GC invocations=32 (full 6):
 PSYoungGen      total 1228800K, used 1149952K [0x000000076c180000, 0x00000007c0000000, 0x00000007c0000000)
  eden space 1149952K, 100% used [0x000000076c180000,0x00000007b2480000,0x00000007b2480000)
  from space 78848K, 0% used [0x00000007b2480000,0x00000007b2480000,0x00000007b7180000)
  to   space 83968K, 0% used [0x00000007bae00000,0x00000007bae00000,0x00000007c0000000)
 ParOldGen       total 169984K, used 137144K [0x00000006c4400000, 0x00000006cea00000, 0x000000076c180000)
  object space 169984K, 80% used [0x00000006c4400000,0x00000006cc9ee150,0x00000006cea00000)
 Metaspace       used 114645K, capacity 120828K, committed 120960K, reserved 1155072K
  class space    used 13600K, capacity 14674K, committed 14720K, reserved 1048576K
Event: 4168.004 GC heap after
Heap after GC invocations=32 (full 6):
 PSYoungGen      total 1293312K, used 37288K [0x000000076c180000, 0x00000007c0000000, 0x00000007c0000000)
  eden space 1209344K, 0% used [0x000000076c180000,0x000000076c180000,0x00000007b5e80000)
  from space 83968K, 44% used [0x00000007bae00000,0x00000007bd26a2a8,0x00000007c0000000)
  to   space 81408K, 0% used [0x00000007b5e80000,0x00000007b5e80000,0x00000007bae00000)
 ParOldGen       total 169984K, used 137152K [0x00000006c4400000, 0x00000006cea00000, 0x000000076c180000)
  object space 169984K, 80% used [0x00000006c4400000,0x00000006cc9f0150,0x00000006cea00000)
 Metaspace       used 114645K, capacity 120828K, committed 120960K, reserved 1155072K
  class space    used 13600K, capacity 14674K, committed 14720K, reserved 1048576K
}

