# JRE version: Java(TM) SE Runtime Environment (8.0_111-b14) (build 1.8.0_111-b14)
# Java VM: Java HotSpot(TM) 64-Bit Server VM (25.111-b14 mixed mode windows-amd64 compressed oops)
Heap:
 PSYoungGen      total 763392K, used 24552K [0x0000000716180000, 0x0000000746c00000, 0x00000007c0000000)
  eden space 738816K, 0% used [0x0000000716180000,0x0000000716180000,0x0000000743300000)
  from space 24576K, 99% used [0x0000000745000000,0x00000007467fa080,0x0000000746800000)
  to   space 29184K, 0% used [0x0000000743300000,0x0000000743300000,0x0000000744f80000)
 ParOldGen       total 207360K, used 29052K [0x00000005c2400000, 0x00000005cee80000, 0x0000000716180000)
  object space 207360K, 14% used [0x00000005c2400000,0x00000005c405f230,0x00000005cee80000)
 Metaspace       used 56242K, capacity 58920K, committed 59028K, reserved 1099776K
  class space    used 7768K, capacity 8327K, committed 8380K, reserved 1048576K
GC Heap History (10 events):
Event: 7.636 GC heap after
Heap after GC invocations=6 (full 1):
 PSYoungGen      total 271360K, used 16811K [0x0000000716180000, 0x0000000733600000, 0x00000007c0000000)
  eden space 249856K, 0% used [0x0000000716180000,0x0000000716180000,0x0000000725580000)
  from space 21504K, 78% used [0x0000000725580000,0x00000007265eae30,0x0000000726a80000)
  to   space 17920K, 0% used [0x0000000732480000,0x0000000732480000,0x0000000733600000)
 ParOldGen       total 153088K, used 9437K [0x00000005c2400000, 0x00000005cb980000, 0x0000000716180000)
  object space 153088K, 6% used [0x00000005c2400000,0x00000005c2d37490,0x00000005cb980000)
 Metaspace       used 29781K, capacity 31076K, committed 31232K, reserved 1077248K
  class space    used 4045K, capacity 4347K, committed 4352K, reserved 1048576K
}
Event: 8.540 GC heap before
{Heap before GC invocations=7 (full 1):
 PSYoungGen      total 271360K, used 152137K [0x0000000716180000, 0x0000000733600000, 0x00000007c0000000)
  eden space 249856K, 54% used [0x0000000716180000,0x000000071e5a78a0,0x0000000725580000)
  from space 21504K, 78% used [0x0000000725580000,0x00000007265eae30,0x0000000726a80000)
  to   space 17920K, 0% used [0x0000000732480000,0x0000000732480000,0x0000000733600000)
 ParOldGen       total 153088K, used 9437K [0x00000005c2400000, 0x00000005cb980000, 0x0000000716180000)
  object space 153088K, 6% used [0x00000005c2400000,0x00000005c2d37490,0x00000005cb980000)
 Metaspace       used 33856K, capacity 35386K, committed 35416K, reserved 1079296K
  class space    used 4640K, capacity 4988K, committed 4992K, reserved 1048576K
Event: 8.551 GC heap after
Heap after GC invocations=7 (full 1):
 PSYoungGen      total 460800K, used 15103K [0x0000000716180000, 0x0000000733d80000, 0x00000007c0000000)
  eden space 442880K, 0% used [0x0000000716180000,0x0000000716180000,0x0000000731200000)
  from space 17920K, 84% used [0x0000000732480000,0x000000073333fc08,0x0000000733600000)
  to   space 18944K, 0% used [0x0000000731200000,0x0000000731200000,0x0000000732480000)
 ParOldGen       total 153088K, used 9445K [0x00000005c2400000, 0x00000005cb980000, 0x0000000716180000)
  object space 153088K, 6% used [0x00000005c2400000,0x00000005c2d39490,0x00000005cb980000)
 Metaspace       used 33856K, capacity 35386K, committed 35416K, reserved 1079296K
  class space    used 4640K, capacity 4988K, committed 4992K, reserved 1048576K
}
Event: 8.551 GC heap before
{Heap before GC invocations=8 (full 2):
 PSYoungGen      total 460800K, used 15103K [0x0000000716180000, 0x0000000733d80000, 0x00000007c0000000)
  eden space 442880K, 0% used [0x0000000716180000,0x0000000716180000,0x0000000731200000)
  from space 17920K, 84% used [0x0000000732480000,0x000000073333fc08,0x0000000733600000)
  to   space 18944K, 0% used [0x0000000731200000,0x0000000731200000,0x0000000732480000)
 ParOldGen       total 153088K, used 9445K [0x00000005c2400000, 0x00000005cb980000, 0x0000000716180000)
  object space 153088K, 6% used [0x00000005c2400000,0x00000005c2d39490,0x00000005cb980000)
 Metaspace       used 33856K, capacity 35386K, committed 35416K, reserved 1079296K
  class space    used 4640K, capacity 4988K, committed 4992K, reserved 1048576K
Event: 8.612 GC heap after
Heap after GC invocations=8 (full 2):
 PSYoungGen      total 460800K, used 0K [0x0000000716180000, 0x0000000733d80000, 0x00000007c0000000)
  eden space 442880K, 0% used [0x0000000716180000,0x0000000716180000,0x0000000731200000)
  from space 17920K, 0% used [0x0000000732480000,0x0000000732480000,0x0000000733600000)
  to   space 18944K, 0% used [0x0000000731200000,0x0000000731200000,0x0000000732480000)
 ParOldGen       total 207360K, used 20633K [0x00000005c2400000, 0x00000005cee80000, 0x0000000716180000)
  object space 207360K, 9% used [0x00000005c2400000,0x00000005c3826570,0x00000005cee80000)
 Metaspace       used 33856K, capacity 35386K, committed 35416K, reserved 1079296K
  class space    used 4640K, capacity 4988K, committed 4992K, reserved 1048576K
}
Event: 12.597 GC heap before
{Heap before GC invocations=9 (full 2):
 PSYoungGen      total 460800K, used 442880K [0x0000000716180000, 0x0000000733d80000, 0x00000007c0000000)
  eden space 442880K, 100% used [0x0000000716180000,0x0000000731200000,0x0000000731200000)
  from space 17920K, 0% used [0x0000000732480000,0x0000000732480000,0x0000000733600000)
  to   space 18944K, 0% used [0x0000000731200000,0x0000000731200000,0x0000000732480000)
 ParOldGen       total 207360K, used 20633K [0x00000005c2400000, 0x00000005cee80000, 0x0000000716180000)
  object space 207360K, 9% used [0x00000005c2400000,0x00000005c3826570,0x00000005cee80000)
 Metaspace       used 46662K, capacity 49220K, committed 49496K, reserved 1091584K
  class space    used 6441K, capacity 6923K, committed 7040K, reserved 1048576K
Event: 12.615 GC heap after
Heap after GC invocations=9 (full 2):
 PSYoungGen      total 461824K, used 18939K [0x0000000716180000, 0x0000000746800000, 0x00000007c0000000)
  eden space 442880K, 0% used [0x0000000716180000,0x0000000716180000,0x0000000731200000)
  from space 18944K, 99% used [0x0000000731200000,0x000000073247efa0,0x0000000732480000)
  to   space 24576K, 0% used [0x0000000745000000,0x0000000745000000,0x0000000746800000)
 ParOldGen       total 207360K, used 26938K [0x00000005c2400000, 0x00000005cee80000, 0x0000000716180000)
  object space 207360K, 12% used [0x00000005c2400000,0x00000005c3e4ea60,0x00000005cee80000)
 Metaspace       used 46662K, capacity 49220K, committed 49496K, reserved 1091584K
  class space    used 6441K, capacity 6923K, committed 7040K, reserved 1048576K
}
Event: 14.020 GC heap before
{Heap before GC invocations=10 (full 2):
 PSYoungGen      total 461824K, used 197220K [0x0000000716180000, 0x0000000746800000, 0x00000007c0000000)
  eden space 442880K, 40% used [0x0000000716180000,0x0000000720f9a160,0x0000000731200000)
  from space 18944K, 99% used [0x0000000731200000,0x000000073247efa0,0x0000000732480000)
  to   space 24576K, 0% used [0x0000000745000000,0x0000000745000000,0x0000000746800000)
 ParOldGen       total 207360K, used 26938K [0x00000005c2400000, 0x00000005cee80000, 0x0000000716180000)
  object space 207360K, 12% used [0x00000005c2400000,0x00000005c3e4ea60,0x00000005cee80000)
 Metaspace       used 56242K, capacity 58920K, committed 59028K, reserved 1099776K
  class space    used 7768K, capacity 8327K, committed 8380K, reserved 1048576K
Event: 14.044 GC heap after
Heap after GC invocations=10 (full 2):
 PSYoungGen      total 763392K, used 24552K [0x0000000716180000, 0x0000000746c00000, 0x00000007c0000000)
  eden space 738816K, 0% used [0x0000000716180000,0x0000000716180000,0x0000000743300000)
  from space 24576K, 99% used [0x0000000745000000,0x00000007467fa080,0x0000000746800000)
  to   space 29184K, 0% used [0x0000000743300000,0x0000000743300000,0x0000000744f80000)
 ParOldGen       total 207360K, used 29052K [0x00000005c2400000, 0x00000005cee80000, 0x0000000716180000)
  object space 207360K, 14% used [0x00000005c2400000,0x00000005c405f230,0x00000005cee80000)
 Metaspace       used 56242K, capacity 58920K, committed 59028K, reserved 1099776K
  class space    used 7768K, capacity 8327K, committed 8380K, reserved 1048576K
}
Event: 14.044 GC heap before
{Heap before GC invocations=11 (full 3):
 PSYoungGen      total 763392K, used 24552K [0x0000000716180000, 0x0000000746c00000, 0x00000007c0000000)
  eden space 738816K, 0% used [0x0000000716180000,0x0000000716180000,0x0000000743300000)
  from space 24576K, 99% used [0x0000000745000000,0x00000007467fa080,0x0000000746800000)
  to   space 29184K, 0% used [0x0000000743300000,0x0000000743300000,0x0000000744f80000)
 ParOldGen       total 207360K, used 29052K [0x00000005c2400000, 0x00000005cee80000, 0x0000000716180000)
  object space 207360K, 14% used [0x00000005c2400000,0x00000005c405f230,0x00000005cee80000)
 Metaspace       used 56242K, capacity 58920K, committed 59028K, reserved 1099776K
  class space    used 7768K, capacity 8327K, committed 8380K, reserved 1048576K

