# JRE version: Java(TM) SE Runtime Environment (8.0_111-b14) (build 1.8.0_111-b14)
# Java VM: Java HotSpot(TM) 64-Bit Server VM (25.111-b14 mixed mode windows-amd64 compressed oops)
Heap:
 PSYoungGen      total 293376K, used 101963K [0x0000000716180000, 0x0000000731f80000, 0x00000007c0000000)
  eden space 253440K, 24% used [0x0000000716180000,0x0000000719e17288,0x0000000725900000)
  from space 39936K, 99% used [0x0000000725900000,0x0000000727ffbbb0,0x0000000728000000)
  to   space 49152K, 49% used [0x000000072ef80000,0x000000073072c788,0x0000000731f80000)
 ParOldGen       total 241152K, used 71642K [0x00000005c2400000, 0x00000005d0f80000, 0x0000000716180000)
  object space 241152K, 29% used [0x00000005c2400000,0x00000005c69f6b60,0x00000005d0f80000)
 Metaspace       used 34298K, capacity 35316K, committed 35496K, reserved 1081344K
  class space    used 3910K, capacity 4265K, committed 4352K, reserved 1048576K
GC Heap History (10 events):
Event: 4.952 GC heap after
Heap after GC invocations=4 (full 1):
 PSYoungGen      total 152576K, used 0K [0x0000000716180000, 0x0000000728b80000, 0x00000007c0000000)
  eden space 131072K, 0% used [0x0000000716180000,0x0000000716180000,0x000000071e180000)
  from space 21504K, 0% used [0x000000071e180000,0x000000071e180000,0x000000071f680000)
  to   space 21504K, 0% used [0x0000000727680000,0x0000000727680000,0x0000000728b80000)
 ParOldGen       total 241152K, used 25142K [0x00000005c2400000, 0x00000005d0f80000, 0x0000000716180000)
  object space 241152K, 10% used [0x00000005c2400000,0x00000005c3c8d8f8,0x00000005d0f80000)
 Metaspace       used 20672K, capacity 21058K, committed 21296K, reserved 1069056K
  class space    used 2417K, capacity 2561K, committed 2688K, reserved 1048576K
}
Event: 5.911 GC heap before
{Heap before GC invocations=5 (full 1):
 PSYoungGen      total 152576K, used 131072K [0x0000000716180000, 0x0000000728b80000, 0x00000007c0000000)
  eden space 131072K, 100% used [0x0000000716180000,0x000000071e180000,0x000000071e180000)
  from space 21504K, 0% used [0x000000071e180000,0x000000071e180000,0x000000071f680000)
  to   space 21504K, 0% used [0x0000000727680000,0x0000000727680000,0x0000000728b80000)
 ParOldGen       total 241152K, used 25142K [0x00000005c2400000, 0x00000005d0f80000, 0x0000000716180000)
  object space 241152K, 10% used [0x00000005c2400000,0x00000005c3c8d8f8,0x00000005d0f80000)
 Metaspace       used 25683K, capacity 26202K, committed 26240K, reserved 1073152K
  class space    used 3002K, capacity 3195K, committed 3200K, reserved 1048576K
Event: 5.933 GC heap after
Heap after GC invocations=5 (full 1):
 PSYoungGen      total 207360K, used 21496K [0x0000000716180000, 0x0000000728b80000, 0x00000007c0000000)
  eden space 185856K, 0% used [0x0000000716180000,0x0000000716180000,0x0000000721700000)
  from space 21504K, 99% used [0x0000000727680000,0x0000000728b7e028,0x0000000728b80000)
  to   space 21504K, 0% used [0x0000000726180000,0x0000000726180000,0x0000000727680000)
 ParOldGen       total 241152K, used 31134K [0x00000005c2400000, 0x00000005d0f80000, 0x0000000716180000)
  object space 241152K, 12% used [0x00000005c2400000,0x00000005c4267a18,0x00000005d0f80000)
 Metaspace       used 25683K, capacity 26202K, committed 26240K, reserved 1073152K
  class space    used 3002K, capacity 3195K, committed 3200K, reserved 1048576K
}
Event: 7.699 GC heap before
{Heap before GC invocations=6 (full 1):
 PSYoungGen      total 207360K, used 207352K [0x0000000716180000, 0x0000000728b80000, 0x00000007c0000000)
  eden space 185856K, 100% used [0x0000000716180000,0x0000000721700000,0x0000000721700000)
  from space 21504K, 99% used [0x0000000727680000,0x0000000728b7e028,0x0000000728b80000)
  to   space 21504K, 0% used [0x0000000726180000,0x0000000726180000,0x0000000727680000)
 ParOldGen       total 241152K, used 31134K [0x00000005c2400000, 0x00000005d0f80000, 0x0000000716180000)
  object space 241152K, 12% used [0x00000005c2400000,0x00000005c4267a18,0x00000005d0f80000)
 Metaspace       used 28167K, capacity 28860K, committed 29184K, reserved 1075200K
  class space    used 3246K, capacity 3484K, committed 3584K, reserved 1048576K
Event: 7.721 GC heap after
Heap after GC invocations=6 (full 1):
 PSYoungGen      total 283648K, used 21493K [0x0000000716180000, 0x0000000729e80000, 0x00000007c0000000)
  eden space 262144K, 0% used [0x0000000716180000,0x0000000716180000,0x0000000726180000)
  from space 21504K, 99% used [0x0000000726180000,0x000000072767d5c8,0x0000000727680000)
  to   space 31232K, 0% used [0x0000000728000000,0x0000000728000000,0x0000000729e80000)
 ParOldGen       total 241152K, used 36395K [0x00000005c2400000, 0x00000005d0f80000, 0x0000000716180000)
  object space 241152K, 15% used [0x00000005c2400000,0x00000005c478ac70,0x00000005d0f80000)
 Metaspace       used 28167K, capacity 28860K, committed 29184K, reserved 1075200K
  class space    used 3246K, capacity 3484K, committed 3584K, reserved 1048576K
}
Event: 9.911 GC heap before
{Heap before GC invocations=7 (full 1):
 PSYoungGen      total 283648K, used 283637K [0x0000000716180000, 0x0000000729e80000, 0x00000007c0000000)
  eden space 262144K, 100% used [0x0000000716180000,0x0000000726180000,0x0000000726180000)
  from space 21504K, 99% used [0x0000000726180000,0x000000072767d5c8,0x0000000727680000)
  to   space 31232K, 0% used [0x0000000728000000,0x0000000728000000,0x0000000729e80000)
 ParOldGen       total 241152K, used 36395K [0x00000005c2400000, 0x00000005d0f80000, 0x0000000716180000)
  object space 241152K, 15% used [0x00000005c2400000,0x00000005c478ac70,0x00000005d0f80000)
 Metaspace       used 28410K, capacity 29158K, committed 29440K, reserved 1075200K
  class space    used 3255K, capacity 3521K, committed 3584K, reserved 1048576K
Event: 9.961 GC heap after
Heap after GC invocations=7 (full 1):
 PSYoungGen      total 284672K, used 31212K [0x0000000716180000, 0x0000000732080000, 0x00000007c0000000)
  eden space 253440K, 0% used [0x0000000716180000,0x0000000716180000,0x0000000725900000)
  from space 31232K, 99% used [0x0000000728000000,0x0000000729e7b358,0x0000000729e80000)
  to   space 39936K, 0% used [0x0000000725900000,0x0000000725900000,0x0000000728000000)
 ParOldGen       total 241152K, used 46726K [0x00000005c2400000, 0x00000005d0f80000, 0x0000000716180000)
  object space 241152K, 19% used [0x00000005c2400000,0x00000005c51a1850,0x00000005d0f80000)
 Metaspace       used 28410K, capacity 29158K, committed 29440K, reserved 1075200K
  class space    used 3255K, capacity 3521K, committed 3584K, reserved 1048576K
}
Event: 14.806 GC heap before
{Heap before GC invocations=8 (full 1):
 PSYoungGen      total 284672K, used 284652K [0x0000000716180000, 0x0000000732080000, 0x00000007c0000000)
  eden space 253440K, 100% used [0x0000000716180000,0x0000000725900000,0x0000000725900000)
  from space 31232K, 99% used [0x0000000728000000,0x0000000729e7b358,0x0000000729e80000)
  to   space 39936K, 0% used [0x0000000725900000,0x0000000725900000,0x0000000728000000)
 ParOldGen       total 241152K, used 46726K [0x00000005c2400000, 0x00000005d0f80000, 0x0000000716180000)
  object space 241152K, 19% used [0x00000005c2400000,0x00000005c51a1850,0x00000005d0f80000)
 Metaspace       used 32425K, capacity 33458K, committed 33792K, reserved 1079296K
  class space    used 3661K, capacity 3990K, committed 4096K, reserved 1048576K
Event: 14.852 GC heap after
Heap after GC invocations=8 (full 1):
 PSYoungGen      total 293376K, used 39918K [0x0000000716180000, 0x0000000731f80000, 0x00000007c0000000)
  eden space 253440K, 0% used [0x0000000716180000,0x0000000716180000,0x0000000725900000)
  from space 39936K, 99% used [0x0000000725900000,0x0000000727ffbbb0,0x0000000728000000)
  to   space 49152K, 0% used [0x000000072ef80000,0x000000072ef80000,0x0000000731f80000)
 ParOldGen       total 241152K, used 55606K [0x00000005c2400000, 0x00000005d0f80000, 0x0000000716180000)
  object space 241152K, 23% used [0x00000005c2400000,0x00000005c5a4d840,0x00000005d0f80000)
 Metaspace       used 32425K, capacity 33458K, committed 33792K, reserved 1079296K
  class space    used 3661K, capacity 3990K, committed 4096K, reserved 1048576K
}
Event: 17.565 GC heap before
{Heap before GC invocations=9 (full 1):
 PSYoungGen      total 293376K, used 101963K [0x0000000716180000, 0x0000000731f80000, 0x00000007c0000000)
  eden space 253440K, 24% used [0x0000000716180000,0x0000000719e17288,0x0000000725900000)
  from space 39936K, 99% used [0x0000000725900000,0x0000000727ffbbb0,0x0000000728000000)
  to   space 49152K, 0% used [0x000000072ef80000,0x000000072ef80000,0x0000000731f80000)
 ParOldGen       total 241152K, used 55606K [0x00000005c2400000, 0x00000005d0f80000, 0x0000000716180000)
  object space 241152K, 23% used [0x00000005c2400000,0x00000005c5a4d840,0x00000005d0f80000)
 Metaspace       used 34298K, capacity 35316K, committed 35496K, reserved 1081344K
  class space    used 3910K, capacity 4265K, committed 4352K, reserved 1048576K

